[0.561s] Invoking command in '/workspace/src/maze_solver': PYTHONPATH=/workspace/src/maze_solver/install/maze_solver/lib/python3.8/site-packages:${PYTHONPATH} /usr/bin/python3 setup.py egg_info --egg-base build/maze_solver build --build-base /workspace/src/maze_solver/build/maze_solver/build install --prefix /workspace/src/maze_solver/install/maze_solver --record /workspace/src/maze_solver/build/maze_solver/install.log --single-version-externally-managed
[0.747s] running egg_info
[0.747s] creating build/maze_solver/maze_solver.egg-info
[0.747s] writing build/maze_solver/maze_solver.egg-info/PKG-INFO
[0.748s] writing dependency_links to build/maze_solver/maze_solver.egg-info/dependency_links.txt
[0.748s] writing entry points to build/maze_solver/maze_solver.egg-info/entry_points.txt
[0.748s] writing requirements to build/maze_solver/maze_solver.egg-info/requires.txt
[0.748s] writing top-level names to build/maze_solver/maze_solver.egg-info/top_level.txt
[0.749s] writing manifest file 'build/maze_solver/maze_solver.egg-info/SOURCES.txt'
[0.778s] reading manifest file 'build/maze_solver/maze_solver.egg-info/SOURCES.txt'
[0.779s] writing manifest file 'build/maze_solver/maze_solver.egg-info/SOURCES.txt'
[0.779s] running build
[0.779s] running build_py
[0.779s] creating /workspace/src/maze_solver/build/maze_solver/build
[0.779s] creating /workspace/src/maze_solver/build/maze_solver/build/lib
[0.779s] creating /workspace/src/maze_solver/build/maze_solver/build/lib/maze_solver
[0.779s] copying maze_solver/__init__.py -> /workspace/src/maze_solver/build/maze_solver/build/lib/maze_solver
[0.779s] copying maze_solver/planner.py -> /workspace/src/maze_solver/build/maze_solver/build/lib/maze_solver
[0.779s] running install
[0.780s] running install_lib
[0.782s] creating /workspace/src/maze_solver/install/maze_solver/lib/python3.8/site-packages/maze_solver
[0.782s] copying /workspace/src/maze_solver/build/maze_solver/build/lib/maze_solver/__init__.py -> /workspace/src/maze_solver/install/maze_solver/lib/python3.8/site-packages/maze_solver
[0.782s] copying /workspace/src/maze_solver/build/maze_solver/build/lib/maze_solver/planner.py -> /workspace/src/maze_solver/install/maze_solver/lib/python3.8/site-packages/maze_solver
[0.783s] byte-compiling /workspace/src/maze_solver/install/maze_solver/lib/python3.8/site-packages/maze_solver/__init__.py to __init__.cpython-38.pyc
[0.784s] byte-compiling /workspace/src/maze_solver/install/maze_solver/lib/python3.8/site-packages/maze_solver/planner.py to planner.cpython-38.pyc
[0.785s] running install_data
[0.786s] creating /workspace/src/maze_solver/install/maze_solver/share/ament_index
[0.786s] creating /workspace/src/maze_solver/install/maze_solver/share/ament_index/resource_index
[0.786s] creating /workspace/src/maze_solver/install/maze_solver/share/ament_index/resource_index/packages
[0.786s] copying resource/maze_solver -> /workspace/src/maze_solver/install/maze_solver/share/ament_index/resource_index/packages
[0.786s] copying package.xml -> /workspace/src/maze_solver/install/maze_solver/share/maze_solver
[0.786s] running install_egg_info
[0.788s] Copying build/maze_solver/maze_solver.egg-info to /workspace/src/maze_solver/install/maze_solver/lib/python3.8/site-packages/maze_solver-0.0.0-py3.8.egg-info
[0.789s] running install_scripts
[0.804s] Installing planner script to /workspace/src/maze_solver/install/maze_solver/lib/maze_solver
[0.805s] writing list of installed files to '/workspace/src/maze_solver/build/maze_solver/install.log'
[0.824s] Invoked command in '/workspace/src/maze_solver' returned '0': PYTHONPATH=/workspace/src/maze_solver/install/maze_solver/lib/python3.8/site-packages:${PYTHONPATH} /usr/bin/python3 setup.py egg_info --egg-base build/maze_solver build --build-base /workspace/src/maze_solver/build/maze_solver/build install --prefix /workspace/src/maze_solver/install/maze_solver --record /workspace/src/maze_solver/build/maze_solver/install.log --single-version-externally-managed
