[0.026s] Invoking command in '/workspace/src/pointcloud2laserscan/build/hsl': CMAKE_PREFIX_PATH=${CMAKE_PREFIX_PATH}:/workspace/install/explorer_wanderer:/workspace/install/explorer_navigation2:/workspace/install/explorer_bringup:/opt/ros/humble /usr/bin/cmake --build /workspace/src/pointcloud2laserscan/build/hsl -- -j12 -l12
[0.103s] [35m[1mConsolidate compiler generated dependencies of target pointcloud2laserscan[0m
[0.150s] [100%] Built target pointcloud2laserscan
[0.171s] Invoked command in '/workspace/src/pointcloud2laserscan/build/hsl' returned '0': CMAKE_PREFIX_PATH=${CMAKE_PREFIX_PATH}:/workspace/install/explorer_wanderer:/workspace/install/explorer_navigation2:/workspace/install/explorer_bringup:/opt/ros/humble /usr/bin/cmake --build /workspace/src/pointcloud2laserscan/build/hsl -- -j12 -l12
[0.229s] Invoking command in '/workspace/src/pointcloud2laserscan/build/hsl': CMAKE_PREFIX_PATH=${CMAKE_PREFIX_PATH}:/workspace/install/explorer_wanderer:/workspace/install/explorer_navigation2:/workspace/install/explorer_bringup:/opt/ros/humble /usr/bin/cmake --install /workspace/src/pointcloud2laserscan/build/hsl
[0.236s] -- Install configuration: ""
[0.236s] -- Execute custom install script
[0.237s] -- Up-to-date symlink: /workspace/src/pointcloud2laserscan/install/hsl/lib/hsl/pointcloud2laserscan
[0.237s] -- Up-to-date symlink: /workspace/src/pointcloud2laserscan/install/hsl/share/hsl/src/pointcloud2laserscan.cpp
[0.237s] -- Up-to-date symlink: /workspace/src/pointcloud2laserscan/install/hsl/share/ament_index/resource_index/package_run_dependencies/hsl
[0.237s] -- Up-to-date symlink: /workspace/src/pointcloud2laserscan/install/hsl/share/ament_index/resource_index/parent_prefix_path/hsl
[0.238s] -- Up-to-date symlink: /workspace/src/pointcloud2laserscan/install/hsl/share/hsl/environment/ament_prefix_path.sh
[0.238s] -- Up-to-date symlink: /workspace/src/pointcloud2laserscan/install/hsl/share/hsl/environment/ament_prefix_path.dsv
[0.238s] -- Up-to-date symlink: /workspace/src/pointcloud2laserscan/install/hsl/share/hsl/environment/path.sh
[0.238s] -- Up-to-date symlink: /workspace/src/pointcloud2laserscan/install/hsl/share/hsl/environment/path.dsv
[0.239s] -- Up-to-date symlink: /workspace/src/pointcloud2laserscan/install/hsl/share/hsl/local_setup.bash
[0.239s] -- Up-to-date symlink: /workspace/src/pointcloud2laserscan/install/hsl/share/hsl/local_setup.sh
[0.239s] -- Up-to-date symlink: /workspace/src/pointcloud2laserscan/install/hsl/share/hsl/local_setup.zsh
[0.239s] -- Up-to-date symlink: /workspace/src/pointcloud2laserscan/install/hsl/share/hsl/local_setup.dsv
[0.239s] -- Symlinking: /workspace/src/pointcloud2laserscan/install/hsl/share/hsl/package.dsv
[0.253s] -- Up-to-date symlink: /workspace/src/pointcloud2laserscan/install/hsl/share/ament_index/resource_index/packages/hsl
[0.253s] -- Up-to-date symlink: /workspace/src/pointcloud2laserscan/install/hsl/share/hsl/cmake/hslConfig.cmake
[0.254s] -- Up-to-date symlink: /workspace/src/pointcloud2laserscan/install/hsl/share/hsl/cmake/hslConfig-version.cmake
[0.254s] -- Up-to-date symlink: /workspace/src/pointcloud2laserscan/install/hsl/share/hsl/package.xml
[0.258s] Invoked command in '/workspace/src/pointcloud2laserscan/build/hsl' returned '0': CMAKE_PREFIX_PATH=${CMAKE_PREFIX_PATH}:/workspace/install/explorer_wanderer:/workspace/install/explorer_navigation2:/workspace/install/explorer_bringup:/opt/ros/humble /usr/bin/cmake --install /workspace/src/pointcloud2laserscan/build/hsl
