[0.312s] DEBUG:colcon:Command line arguments: ['/usr/bin/colcon', 'build', '--symlink-install']
[0.312s] DEBUG:colcon:Parsed command line arguments: Namespace(log_base=None, log_level=None, verb_name='build', build_base='build', install_base='install', merge_install=False, symlink_install=True, test_result_base=None, continue_on_error=False, executor='parallel', parallel_workers=12, event_handlers=None, ignore_user_meta=False, metas=['./colcon.meta'], base_paths=['.'], packages_ignore=None, packages_ignore_regex=None, paths=None, packages_up_to=None, packages_up_to_regex=None, packages_above=None, packages_above_and_dependencies=None, packages_above_depth=None, packages_select_by_dep=None, packages_skip_by_dep=None, packages_skip_up_to=None, packages_select_build_failed=False, packages_skip_build_finished=False, packages_select_test_failures=False, packages_skip_test_passed=False, packages_select=None, packages_skip=None, packages_select_regex=None, packages_skip_regex=None, packages_start=None, packages_end=None, allow_overriding=[], cmake_args=None, cmake_target=None, cmake_target_skip_unavailable=False, cmake_clean_cache=False, cmake_clean_first=False, cmake_force_configure=False, ament_cmake_args=None, catkin_cmake_args=None, catkin_skip_building_tests=False, verb_parser=<colcon_defaults.argument_parser.defaults.DefaultArgumentsDecorator object at 0x7f65e69d1240>, verb_extension=<colcon_core.verb.build.BuildVerb object at 0x7f65e71c64d0>, main=<bound method BuildVerb.main of <colcon_core.verb.build.BuildVerb object at 0x7f65e71c64d0>>)
[0.371s] Level 1:colcon.colcon_core.package_discovery:discover_packages(colcon_meta) check parameters
[0.371s] Level 1:colcon.colcon_core.package_discovery:discover_packages(recursive) check parameters
[0.371s] Level 1:colcon.colcon_core.package_discovery:discover_packages(ignore) check parameters
[0.371s] Level 1:colcon.colcon_core.package_discovery:discover_packages(path) check parameters
[0.371s] Level 1:colcon.colcon_core.package_discovery:discover_packages(colcon_meta) discover
[0.371s] Level 1:colcon.colcon_core.package_discovery:discover_packages(recursive) discover
[0.371s] INFO:colcon.colcon_core.package_discovery:Crawling recursively for packages in '/workspace/src/pointcloud2laserscan'
[0.371s] Level 1:colcon.colcon_core.package_identification:_identify(.) by extensions ['ignore', 'ignore_ament_install']
[0.372s] Level 1:colcon.colcon_core.package_identification:_identify(.) by extension 'ignore'
[0.372s] Level 1:colcon.colcon_core.package_identification:_identify(.) by extension 'ignore_ament_install'
[0.372s] Level 1:colcon.colcon_core.package_identification:_identify(.) by extensions ['colcon_pkg']
[0.372s] Level 1:colcon.colcon_core.package_identification:_identify(.) by extension 'colcon_pkg'
[0.372s] Level 1:colcon.colcon_core.package_identification:_identify(.) by extensions ['colcon_meta']
[0.372s] Level 1:colcon.colcon_core.package_identification:_identify(.) by extension 'colcon_meta'
[0.372s] Level 1:colcon.colcon_core.package_identification:_identify(.) by extensions ['ros']
[0.372s] Level 1:colcon.colcon_core.package_identification:_identify(.) by extension 'ros'
[0.388s] DEBUG:colcon.colcon_core.package_identification:Package '.' with type 'ros.ament_cmake' and name 'hsl'
[0.388s] Level 1:colcon.colcon_core.package_discovery:discover_packages(recursive) using defaults
[0.388s] Level 1:colcon.colcon_core.package_discovery:discover_packages(ignore) discover
[0.388s] Level 1:colcon.colcon_core.package_discovery:discover_packages(ignore) using defaults
[0.388s] Level 1:colcon.colcon_core.package_discovery:discover_packages(path) discover
[0.388s] Level 1:colcon.colcon_core.package_discovery:discover_packages(path) using defaults
[0.413s] Level 1:colcon.colcon_core.package_discovery:discover_packages(prefix_path) check parameters
[0.413s] Level 1:colcon.colcon_core.package_discovery:discover_packages(prefix_path) discover
[0.415s] DEBUG:colcon.colcon_installed_package_information.package_discovery:Found 1 installed packages in /workspace/src/pointcloud2laserscan/install
[0.416s] DEBUG:colcon.colcon_installed_package_information.package_discovery:Found 8 installed packages in /workspace/install
[0.418s] DEBUG:colcon.colcon_installed_package_information.package_discovery:Found 328 installed packages in /opt/ros/humble
[0.421s] Level 1:colcon.colcon_core.package_discovery:discover_packages(prefix_path) using defaults
[0.481s] Level 5:colcon.colcon_core.verb:set package 'hsl' build argument 'cmake_args' from command line to 'None'
[0.481s] Level 5:colcon.colcon_core.verb:set package 'hsl' build argument 'cmake_target' from command line to 'None'
[0.481s] Level 5:colcon.colcon_core.verb:set package 'hsl' build argument 'cmake_target_skip_unavailable' from command line to 'False'
[0.481s] Level 5:colcon.colcon_core.verb:set package 'hsl' build argument 'cmake_clean_cache' from command line to 'False'
[0.481s] Level 5:colcon.colcon_core.verb:set package 'hsl' build argument 'cmake_clean_first' from command line to 'False'
[0.481s] Level 5:colcon.colcon_core.verb:set package 'hsl' build argument 'cmake_force_configure' from command line to 'False'
[0.481s] Level 5:colcon.colcon_core.verb:set package 'hsl' build argument 'ament_cmake_args' from command line to 'None'
[0.481s] Level 5:colcon.colcon_core.verb:set package 'hsl' build argument 'catkin_cmake_args' from command line to 'None'
[0.481s] Level 5:colcon.colcon_core.verb:set package 'hsl' build argument 'catkin_skip_building_tests' from command line to 'False'
[0.481s] DEBUG:colcon.colcon_core.verb:Building package 'hsl' with the following arguments: {'ament_cmake_args': None, 'build_base': '/workspace/src/pointcloud2laserscan/build/hsl', 'catkin_cmake_args': None, 'catkin_skip_building_tests': False, 'cmake_args': None, 'cmake_clean_cache': False, 'cmake_clean_first': False, 'cmake_force_configure': False, 'cmake_target': None, 'cmake_target_skip_unavailable': False, 'install_base': '/workspace/src/pointcloud2laserscan/install/hsl', 'merge_install': False, 'path': '/workspace/src/pointcloud2laserscan', 'symlink_install': True, 'test_result_base': None}
[0.482s] INFO:colcon.colcon_core.executor:Executing jobs using 'parallel' executor
[0.485s] DEBUG:colcon.colcon_parallel_executor.executor.parallel:run_until_complete
[0.485s] INFO:colcon.colcon_ros.task.ament_cmake.build:Building ROS package in '/workspace/src/pointcloud2laserscan' with build type 'ament_cmake'
[0.485s] INFO:colcon.colcon_cmake.task.cmake.build:Building CMake package in '/workspace/src/pointcloud2laserscan'
[0.492s] INFO:colcon.colcon_core.plugin_system:Skipping extension 'colcon_core.shell.bat': Not used on non-Windows systems
[0.492s] INFO:colcon.colcon_core.shell:Skip shell extension 'powershell' for command environment: Not usable outside of PowerShell
[0.492s] DEBUG:colcon.colcon_core.shell:Skip shell extension 'dsv' for command environment
[0.514s] DEBUG:colcon.colcon_core.event_handler.log_command:Invoking command in '/workspace/src/pointcloud2laserscan/build/hsl': CMAKE_PREFIX_PATH=${CMAKE_PREFIX_PATH}:/workspace/install/explorer_wanderer:/workspace/install/explorer_navigation2:/workspace/install/explorer_bringup:/opt/ros/humble /usr/bin/cmake --build /workspace/src/pointcloud2laserscan/build/hsl -- -j12 -l12
[21.454s] DEBUG:colcon.colcon_core.event_handler.log_command:Invoked command in '/workspace/src/pointcloud2laserscan/build/hsl' returned '0': CMAKE_PREFIX_PATH=${CMAKE_PREFIX_PATH}:/workspace/install/explorer_wanderer:/workspace/install/explorer_navigation2:/workspace/install/explorer_bringup:/opt/ros/humble /usr/bin/cmake --build /workspace/src/pointcloud2laserscan/build/hsl -- -j12 -l12
[21.512s] DEBUG:colcon.colcon_core.event_handler.log_command:Invoking command in '/workspace/src/pointcloud2laserscan/build/hsl': CMAKE_PREFIX_PATH=${CMAKE_PREFIX_PATH}:/workspace/install/explorer_wanderer:/workspace/install/explorer_navigation2:/workspace/install/explorer_bringup:/opt/ros/humble /usr/bin/cmake --install /workspace/src/pointcloud2laserscan/build/hsl
[21.540s] Level 1:colcon.colcon_core.environment:create_environment_scripts_only(hsl)
[21.541s] DEBUG:colcon.colcon_core.event_handler.log_command:Invoked command in '/workspace/src/pointcloud2laserscan/build/hsl' returned '0': CMAKE_PREFIX_PATH=${CMAKE_PREFIX_PATH}:/workspace/install/explorer_wanderer:/workspace/install/explorer_navigation2:/workspace/install/explorer_bringup:/opt/ros/humble /usr/bin/cmake --install /workspace/src/pointcloud2laserscan/build/hsl
[21.550s] Level 1:colcon.colcon_core.environment:checking '/workspace/src/pointcloud2laserscan/install/hsl' for CMake module files
[21.551s] Level 1:colcon.colcon_core.environment:checking '/workspace/src/pointcloud2laserscan/install/hsl' for CMake config files
[21.551s] Level 1:colcon.colcon_core.shell:create_environment_hook('hsl', 'cmake_prefix_path')
[21.556s] INFO:colcon.colcon_core.shell:Creating environment hook '/workspace/src/pointcloud2laserscan/install/hsl/share/hsl/hook/cmake_prefix_path.ps1'
[21.557s] INFO:colcon.colcon_core.shell:Creating environment descriptor '/workspace/src/pointcloud2laserscan/install/hsl/share/hsl/hook/cmake_prefix_path.dsv'
[21.558s] INFO:colcon.colcon_core.shell:Creating environment hook '/workspace/src/pointcloud2laserscan/install/hsl/share/hsl/hook/cmake_prefix_path.sh'
[21.559s] Level 1:colcon.colcon_core.environment:checking '/workspace/src/pointcloud2laserscan/install/hsl/lib'
[21.559s] Level 1:colcon.colcon_core.environment:checking '/workspace/src/pointcloud2laserscan/install/hsl/bin'
[21.559s] Level 1:colcon.colcon_core.environment:checking '/workspace/src/pointcloud2laserscan/install/hsl/lib/pkgconfig/hsl.pc'
[21.559s] Level 1:colcon.colcon_core.environment:checking '/workspace/src/pointcloud2laserscan/install/hsl/lib/python3.10/site-packages'
[21.560s] Level 1:colcon.colcon_core.environment:checking '/workspace/src/pointcloud2laserscan/install/hsl/bin'
[21.562s] INFO:colcon.colcon_core.shell:Creating package script '/workspace/src/pointcloud2laserscan/install/hsl/share/hsl/package.ps1'
[21.562s] INFO:colcon.colcon_core.shell:Creating package descriptor '/workspace/src/pointcloud2laserscan/install/hsl/share/hsl/package.dsv'
[21.563s] INFO:colcon.colcon_core.shell:Creating package script '/workspace/src/pointcloud2laserscan/install/hsl/share/hsl/package.sh'
[21.563s] INFO:colcon.colcon_core.shell:Creating package script '/workspace/src/pointcloud2laserscan/install/hsl/share/hsl/package.bash'
[21.564s] INFO:colcon.colcon_core.shell:Creating package script '/workspace/src/pointcloud2laserscan/install/hsl/share/hsl/package.zsh'
[21.564s] Level 1:colcon.colcon_core.environment:create_file_with_runtime_dependencies(/workspace/src/pointcloud2laserscan/install/hsl/share/colcon-core/packages/hsl)
[21.610s] Level 1:colcon.colcon_core.environment:create_environment_scripts_only(hsl)
[21.611s] Level 1:colcon.colcon_core.environment:checking '/workspace/src/pointcloud2laserscan/install/hsl' for CMake module files
[21.612s] Level 1:colcon.colcon_core.environment:checking '/workspace/src/pointcloud2laserscan/install/hsl' for CMake config files
[21.612s] Level 1:colcon.colcon_core.shell:create_environment_hook('hsl', 'cmake_prefix_path')
[21.613s] INFO:colcon.colcon_core.shell:Creating environment hook '/workspace/src/pointcloud2laserscan/install/hsl/share/hsl/hook/cmake_prefix_path.ps1'
[21.614s] INFO:colcon.colcon_core.shell:Creating environment descriptor '/workspace/src/pointcloud2laserscan/install/hsl/share/hsl/hook/cmake_prefix_path.dsv'
[21.614s] INFO:colcon.colcon_core.shell:Creating environment hook '/workspace/src/pointcloud2laserscan/install/hsl/share/hsl/hook/cmake_prefix_path.sh'
[21.614s] Level 1:colcon.colcon_core.environment:checking '/workspace/src/pointcloud2laserscan/install/hsl/lib'
[21.615s] Level 1:colcon.colcon_core.environment:checking '/workspace/src/pointcloud2laserscan/install/hsl/bin'
[21.615s] Level 1:colcon.colcon_core.environment:checking '/workspace/src/pointcloud2laserscan/install/hsl/lib/pkgconfig/hsl.pc'
[21.615s] Level 1:colcon.colcon_core.environment:checking '/workspace/src/pointcloud2laserscan/install/hsl/lib/python3.10/site-packages'
[21.615s] Level 1:colcon.colcon_core.environment:checking '/workspace/src/pointcloud2laserscan/install/hsl/bin'
[21.616s] INFO:colcon.colcon_core.shell:Creating package script '/workspace/src/pointcloud2laserscan/install/hsl/share/hsl/package.ps1'
[21.616s] INFO:colcon.colcon_core.shell:Creating package descriptor '/workspace/src/pointcloud2laserscan/install/hsl/share/hsl/package.dsv'
[21.617s] INFO:colcon.colcon_core.shell:Creating package script '/workspace/src/pointcloud2laserscan/install/hsl/share/hsl/package.sh'
[21.617s] INFO:colcon.colcon_core.shell:Creating package script '/workspace/src/pointcloud2laserscan/install/hsl/share/hsl/package.bash'
[21.617s] INFO:colcon.colcon_core.shell:Creating package script '/workspace/src/pointcloud2laserscan/install/hsl/share/hsl/package.zsh'
[21.618s] Level 1:colcon.colcon_core.environment:create_file_with_runtime_dependencies(/workspace/src/pointcloud2laserscan/install/hsl/share/colcon-core/packages/hsl)
[21.618s] DEBUG:colcon.colcon_parallel_executor.executor.parallel:closing loop
[21.618s] DEBUG:colcon.colcon_parallel_executor.executor.parallel:loop closed
[21.618s] DEBUG:colcon.colcon_parallel_executor.executor.parallel:run_until_complete finished with '0'
[21.618s] DEBUG:colcon.colcon_core.event_reactor:joining thread
[21.629s] INFO:colcon.colcon_core.plugin_system:Skipping extension 'colcon_notification.desktop_notification.notify_send': Could not find 'notify-send'
[21.629s] INFO:colcon.colcon_core.plugin_system:Skipping extension 'colcon_notification.desktop_notification.terminal_notifier': Not used on non-Darwin systems
[21.629s] INFO:colcon.colcon_core.plugin_system:Skipping extension 'colcon_notification.desktop_notification.win32': Not used on non-Windows systems
[21.629s] INFO:colcon.colcon_notification.desktop_notification:Sending desktop notification using 'notify2'
[21.632s] DEBUG:colcon.colcon_notification.desktop_notification.notify2:Failed to initialize notify2: org.freedesktop.DBus.Error.Spawn.ExecFailed: /usr/bin/dbus-launch terminated abnormally without any error message
[21.633s] DEBUG:colcon.colcon_core.event_reactor:joined thread
[21.636s] INFO:colcon.colcon_core.shell:Creating prefix script '/workspace/src/pointcloud2laserscan/install/local_setup.ps1'
[21.638s] INFO:colcon.colcon_core.shell:Creating prefix util module '/workspace/src/pointcloud2laserscan/install/_local_setup_util_ps1.py'
[21.642s] INFO:colcon.colcon_core.shell:Creating prefix chain script '/workspace/src/pointcloud2laserscan/install/setup.ps1'
[21.645s] INFO:colcon.colcon_core.shell:Creating prefix script '/workspace/src/pointcloud2laserscan/install/local_setup.sh'
[21.646s] INFO:colcon.colcon_core.shell:Creating prefix util module '/workspace/src/pointcloud2laserscan/install/_local_setup_util_sh.py'
[21.647s] INFO:colcon.colcon_core.shell:Creating prefix chain script '/workspace/src/pointcloud2laserscan/install/setup.sh'
[21.651s] INFO:colcon.colcon_core.shell:Creating prefix script '/workspace/src/pointcloud2laserscan/install/local_setup.bash'
[21.652s] INFO:colcon.colcon_core.shell:Creating prefix chain script '/workspace/src/pointcloud2laserscan/install/setup.bash'
[21.654s] INFO:colcon.colcon_core.shell:Creating prefix script '/workspace/src/pointcloud2laserscan/install/local_setup.zsh'
[21.654s] INFO:colcon.colcon_core.shell:Creating prefix chain script '/workspace/src/pointcloud2laserscan/install/setup.zsh'
