[0.553s] Invoking command in '/workspace/src/maze_solver': PYTHONPATH=/workspace/src/maze_solver/install/maze_solver/lib/python3.8/site-packages:${PYTHONPATH} /usr/bin/python3 setup.py egg_info --egg-base build/maze_solver build --build-base /workspace/src/maze_solver/build/maze_solver/build install --prefix /workspace/src/maze_solver/install/maze_solver --record /workspace/src/maze_solver/build/maze_solver/install.log --single-version-externally-managed
[0.749s] running egg_info
[0.750s] writing build/maze_solver/maze_solver.egg-info/PKG-INFO
[0.750s] writing dependency_links to build/maze_solver/maze_solver.egg-info/dependency_links.txt
[0.750s] writing entry points to build/maze_solver/maze_solver.egg-info/entry_points.txt
[0.750s] writing requirements to build/maze_solver/maze_solver.egg-info/requires.txt
[0.750s] writing top-level names to build/maze_solver/maze_solver.egg-info/top_level.txt
[0.781s] reading manifest file 'build/maze_solver/maze_solver.egg-info/SOURCES.txt'
[0.782s] writing manifest file 'build/maze_solver/maze_solver.egg-info/SOURCES.txt'
[0.782s] running build
[0.782s] running build_py
[0.782s] running install
[0.783s] running install_lib
[0.784s] running install_data
[0.784s] running install_egg_info
[0.786s] removing '/workspace/src/maze_solver/install/maze_solver/lib/python3.8/site-packages/maze_solver-0.0.0-py3.8.egg-info' (and everything under it)
[0.786s] Copying build/maze_solver/maze_solver.egg-info to /workspace/src/maze_solver/install/maze_solver/lib/python3.8/site-packages/maze_solver-0.0.0-py3.8.egg-info
[0.787s] running install_scripts
[0.802s] Installing planner script to /workspace/src/maze_solver/install/maze_solver/lib/maze_solver
[0.803s] writing list of installed files to '/workspace/src/maze_solver/build/maze_solver/install.log'
[0.824s] Invoked command in '/workspace/src/maze_solver' returned '0': PYTHONPATH=/workspace/src/maze_solver/install/maze_solver/lib/python3.8/site-packages:${PYTHONPATH} /usr/bin/python3 setup.py egg_info --egg-base build/maze_solver build --build-base /workspace/src/maze_solver/build/maze_solver/build install --prefix /workspace/src/maze_solver/install/maze_solver --record /workspace/src/maze_solver/build/maze_solver/install.log --single-version-externally-managed
