[0.312s] DEBUG:colcon:Command line arguments: ['/usr/bin/colcon', 'build', '--symlink-install']
[0.312s] DEBUG:colcon:Parsed command line arguments: Namespace(log_base=None, log_level=None, verb_name='build', build_base='build', install_base='install', merge_install=False, symlink_install=True, test_result_base=None, continue_on_error=False, executor='parallel', parallel_workers=12, event_handlers=None, ignore_user_meta=False, metas=['./colcon.meta'], base_paths=['.'], packages_ignore=None, packages_ignore_regex=None, paths=None, packages_up_to=None, packages_up_to_regex=None, packages_above=None, packages_above_and_dependencies=None, packages_above_depth=None, packages_select_by_dep=None, packages_skip_by_dep=None, packages_skip_up_to=None, packages_select_build_failed=False, packages_skip_build_finished=False, packages_select_test_failures=False, packages_skip_test_passed=False, packages_select=None, packages_skip=None, packages_select_regex=None, packages_skip_regex=None, packages_start=None, packages_end=None, allow_overriding=[], cmake_args=None, cmake_target=None, cmake_target_skip_unavailable=False, cmake_clean_cache=False, cmake_clean_first=False, cmake_force_configure=False, ament_cmake_args=None, catkin_cmake_args=None, catkin_skip_building_tests=False, verb_parser=<colcon_defaults.argument_parser.defaults.DefaultArgumentsDecorator object at 0x7fc426278d30>, verb_extension=<colcon_core.verb.build.BuildVerb object at 0x7fc426a6a380>, main=<bound method BuildVerb.main of <colcon_core.verb.build.BuildVerb object at 0x7fc426a6a380>>)
[0.357s] Level 1:colcon.colcon_core.package_discovery:discover_packages(colcon_meta) check parameters
[0.357s] Level 1:colcon.colcon_core.package_discovery:discover_packages(recursive) check parameters
[0.357s] Level 1:colcon.colcon_core.package_discovery:discover_packages(ignore) check parameters
[0.357s] Level 1:colcon.colcon_core.package_discovery:discover_packages(path) check parameters
[0.357s] Level 1:colcon.colcon_core.package_discovery:discover_packages(colcon_meta) discover
[0.358s] Level 1:colcon.colcon_core.package_discovery:discover_packages(recursive) discover
[0.358s] INFO:colcon.colcon_core.package_discovery:Crawling recursively for packages in '/workspace/src/pointcloud2laserscan'
[0.358s] Level 1:colcon.colcon_core.package_identification:_identify(.) by extensions ['ignore', 'ignore_ament_install']
[0.358s] Level 1:colcon.colcon_core.package_identification:_identify(.) by extension 'ignore'
[0.358s] Level 1:colcon.colcon_core.package_identification:_identify(.) by extension 'ignore_ament_install'
[0.358s] Level 1:colcon.colcon_core.package_identification:_identify(.) by extensions ['colcon_pkg']
[0.358s] Level 1:colcon.colcon_core.package_identification:_identify(.) by extension 'colcon_pkg'
[0.358s] Level 1:colcon.colcon_core.package_identification:_identify(.) by extensions ['colcon_meta']
[0.358s] Level 1:colcon.colcon_core.package_identification:_identify(.) by extension 'colcon_meta'
[0.358s] Level 1:colcon.colcon_core.package_identification:_identify(.) by extensions ['ros']
[0.358s] Level 1:colcon.colcon_core.package_identification:_identify(.) by extension 'ros'
[0.373s] DEBUG:colcon.colcon_core.package_identification:Package '.' with type 'ros.ament_cmake' and name 'hsl'
[0.373s] Level 1:colcon.colcon_core.package_discovery:discover_packages(recursive) using defaults
[0.374s] Level 1:colcon.colcon_core.package_discovery:discover_packages(ignore) discover
[0.374s] Level 1:colcon.colcon_core.package_discovery:discover_packages(ignore) using defaults
[0.374s] Level 1:colcon.colcon_core.package_discovery:discover_packages(path) discover
[0.374s] Level 1:colcon.colcon_core.package_discovery:discover_packages(path) using defaults
[0.399s] Level 1:colcon.colcon_core.package_discovery:discover_packages(prefix_path) check parameters
[0.400s] Level 1:colcon.colcon_core.package_discovery:discover_packages(prefix_path) discover
[0.403s] DEBUG:colcon.colcon_installed_package_information.package_discovery:Found 1 installed packages in /workspace/src/pointcloud2laserscan/install
[0.404s] DEBUG:colcon.colcon_installed_package_information.package_discovery:Found 8 installed packages in /workspace/install
[0.406s] DEBUG:colcon.colcon_installed_package_information.package_discovery:Found 328 installed packages in /opt/ros/humble
[0.408s] Level 1:colcon.colcon_core.package_discovery:discover_packages(prefix_path) using defaults
[0.465s] Level 5:colcon.colcon_core.verb:set package 'hsl' build argument 'cmake_args' from command line to 'None'
[0.465s] Level 5:colcon.colcon_core.verb:set package 'hsl' build argument 'cmake_target' from command line to 'None'
[0.465s] Level 5:colcon.colcon_core.verb:set package 'hsl' build argument 'cmake_target_skip_unavailable' from command line to 'False'
[0.465s] Level 5:colcon.colcon_core.verb:set package 'hsl' build argument 'cmake_clean_cache' from command line to 'False'
[0.466s] Level 5:colcon.colcon_core.verb:set package 'hsl' build argument 'cmake_clean_first' from command line to 'False'
[0.466s] Level 5:colcon.colcon_core.verb:set package 'hsl' build argument 'cmake_force_configure' from command line to 'False'
[0.466s] Level 5:colcon.colcon_core.verb:set package 'hsl' build argument 'ament_cmake_args' from command line to 'None'
[0.466s] Level 5:colcon.colcon_core.verb:set package 'hsl' build argument 'catkin_cmake_args' from command line to 'None'
[0.466s] Level 5:colcon.colcon_core.verb:set package 'hsl' build argument 'catkin_skip_building_tests' from command line to 'False'
[0.466s] DEBUG:colcon.colcon_core.verb:Building package 'hsl' with the following arguments: {'ament_cmake_args': None, 'build_base': '/workspace/src/pointcloud2laserscan/build/hsl', 'catkin_cmake_args': None, 'catkin_skip_building_tests': False, 'cmake_args': None, 'cmake_clean_cache': False, 'cmake_clean_first': False, 'cmake_force_configure': False, 'cmake_target': None, 'cmake_target_skip_unavailable': False, 'install_base': '/workspace/src/pointcloud2laserscan/install/hsl', 'merge_install': False, 'path': '/workspace/src/pointcloud2laserscan', 'symlink_install': True, 'test_result_base': None}
[0.466s] INFO:colcon.colcon_core.executor:Executing jobs using 'parallel' executor
[0.469s] DEBUG:colcon.colcon_parallel_executor.executor.parallel:run_until_complete
[0.469s] INFO:colcon.colcon_ros.task.ament_cmake.build:Building ROS package in '/workspace/src/pointcloud2laserscan' with build type 'ament_cmake'
[0.470s] INFO:colcon.colcon_cmake.task.cmake.build:Building CMake package in '/workspace/src/pointcloud2laserscan'
[0.474s] INFO:colcon.colcon_core.plugin_system:Skipping extension 'colcon_core.shell.bat': Not used on non-Windows systems
[0.475s] INFO:colcon.colcon_core.shell:Skip shell extension 'powershell' for command environment: Not usable outside of PowerShell
[0.475s] DEBUG:colcon.colcon_core.shell:Skip shell extension 'dsv' for command environment
[0.490s] DEBUG:colcon.colcon_core.event_handler.log_command:Invoking command in '/workspace/src/pointcloud2laserscan/build/hsl': CMAKE_PREFIX_PATH=${CMAKE_PREFIX_PATH}:/workspace/install/explorer_wanderer:/workspace/install/explorer_navigation2:/workspace/install/explorer_bringup:/opt/ros/humble /usr/bin/cmake --build /workspace/src/pointcloud2laserscan/build/hsl -- -j12 -l12
[19.761s] DEBUG:colcon.colcon_core.event_handler.log_command:Invoked command in '/workspace/src/pointcloud2laserscan/build/hsl' returned '0': CMAKE_PREFIX_PATH=${CMAKE_PREFIX_PATH}:/workspace/install/explorer_wanderer:/workspace/install/explorer_navigation2:/workspace/install/explorer_bringup:/opt/ros/humble /usr/bin/cmake --build /workspace/src/pointcloud2laserscan/build/hsl -- -j12 -l12
[19.820s] DEBUG:colcon.colcon_core.event_handler.log_command:Invoking command in '/workspace/src/pointcloud2laserscan/build/hsl': CMAKE_PREFIX_PATH=${CMAKE_PREFIX_PATH}:/workspace/install/explorer_wanderer:/workspace/install/explorer_navigation2:/workspace/install/explorer_bringup:/opt/ros/humble /usr/bin/cmake --install /workspace/src/pointcloud2laserscan/build/hsl
[19.850s] Level 1:colcon.colcon_core.environment:create_environment_scripts_only(hsl)
[19.851s] DEBUG:colcon.colcon_core.event_handler.log_command:Invoked command in '/workspace/src/pointcloud2laserscan/build/hsl' returned '0': CMAKE_PREFIX_PATH=${CMAKE_PREFIX_PATH}:/workspace/install/explorer_wanderer:/workspace/install/explorer_navigation2:/workspace/install/explorer_bringup:/opt/ros/humble /usr/bin/cmake --install /workspace/src/pointcloud2laserscan/build/hsl
[19.857s] Level 1:colcon.colcon_core.environment:checking '/workspace/src/pointcloud2laserscan/install/hsl' for CMake module files
[19.858s] Level 1:colcon.colcon_core.environment:checking '/workspace/src/pointcloud2laserscan/install/hsl' for CMake config files
[19.858s] Level 1:colcon.colcon_core.shell:create_environment_hook('hsl', 'cmake_prefix_path')
[19.860s] INFO:colcon.colcon_core.shell:Creating environment hook '/workspace/src/pointcloud2laserscan/install/hsl/share/hsl/hook/cmake_prefix_path.ps1'
[19.861s] INFO:colcon.colcon_core.shell:Creating environment descriptor '/workspace/src/pointcloud2laserscan/install/hsl/share/hsl/hook/cmake_prefix_path.dsv'
[19.861s] INFO:colcon.colcon_core.shell:Creating environment hook '/workspace/src/pointcloud2laserscan/install/hsl/share/hsl/hook/cmake_prefix_path.sh'
[19.862s] Level 1:colcon.colcon_core.environment:checking '/workspace/src/pointcloud2laserscan/install/hsl/lib'
[19.862s] Level 1:colcon.colcon_core.environment:checking '/workspace/src/pointcloud2laserscan/install/hsl/bin'
[19.862s] Level 1:colcon.colcon_core.environment:checking '/workspace/src/pointcloud2laserscan/install/hsl/lib/pkgconfig/hsl.pc'
[19.862s] Level 1:colcon.colcon_core.environment:checking '/workspace/src/pointcloud2laserscan/install/hsl/lib/python3.10/site-packages'
[19.863s] Level 1:colcon.colcon_core.environment:checking '/workspace/src/pointcloud2laserscan/install/hsl/bin'
[19.864s] INFO:colcon.colcon_core.shell:Creating package script '/workspace/src/pointcloud2laserscan/install/hsl/share/hsl/package.ps1'
[19.865s] INFO:colcon.colcon_core.shell:Creating package descriptor '/workspace/src/pointcloud2laserscan/install/hsl/share/hsl/package.dsv'
[19.865s] INFO:colcon.colcon_core.shell:Creating package script '/workspace/src/pointcloud2laserscan/install/hsl/share/hsl/package.sh'
[19.866s] INFO:colcon.colcon_core.shell:Creating package script '/workspace/src/pointcloud2laserscan/install/hsl/share/hsl/package.bash'
[19.866s] INFO:colcon.colcon_core.shell:Creating package script '/workspace/src/pointcloud2laserscan/install/hsl/share/hsl/package.zsh'
[19.867s] Level 1:colcon.colcon_core.environment:create_file_with_runtime_dependencies(/workspace/src/pointcloud2laserscan/install/hsl/share/colcon-core/packages/hsl)
[19.912s] Level 1:colcon.colcon_core.environment:create_environment_scripts_only(hsl)
[19.916s] Level 1:colcon.colcon_core.environment:checking '/workspace/src/pointcloud2laserscan/install/hsl' for CMake module files
[19.918s] Level 1:colcon.colcon_core.environment:checking '/workspace/src/pointcloud2laserscan/install/hsl' for CMake config files
[19.918s] Level 1:colcon.colcon_core.shell:create_environment_hook('hsl', 'cmake_prefix_path')
[19.920s] INFO:colcon.colcon_core.shell:Creating environment hook '/workspace/src/pointcloud2laserscan/install/hsl/share/hsl/hook/cmake_prefix_path.ps1'
[19.921s] INFO:colcon.colcon_core.shell:Creating environment descriptor '/workspace/src/pointcloud2laserscan/install/hsl/share/hsl/hook/cmake_prefix_path.dsv'
[19.922s] INFO:colcon.colcon_core.shell:Creating environment hook '/workspace/src/pointcloud2laserscan/install/hsl/share/hsl/hook/cmake_prefix_path.sh'
[19.923s] Level 1:colcon.colcon_core.environment:checking '/workspace/src/pointcloud2laserscan/install/hsl/lib'
[19.923s] Level 1:colcon.colcon_core.environment:checking '/workspace/src/pointcloud2laserscan/install/hsl/bin'
[19.923s] Level 1:colcon.colcon_core.environment:checking '/workspace/src/pointcloud2laserscan/install/hsl/lib/pkgconfig/hsl.pc'
[19.923s] Level 1:colcon.colcon_core.environment:checking '/workspace/src/pointcloud2laserscan/install/hsl/lib/python3.10/site-packages'
[19.923s] Level 1:colcon.colcon_core.environment:checking '/workspace/src/pointcloud2laserscan/install/hsl/bin'
[19.925s] INFO:colcon.colcon_core.shell:Creating package script '/workspace/src/pointcloud2laserscan/install/hsl/share/hsl/package.ps1'
[19.926s] INFO:colcon.colcon_core.shell:Creating package descriptor '/workspace/src/pointcloud2laserscan/install/hsl/share/hsl/package.dsv'
[19.926s] INFO:colcon.colcon_core.shell:Creating package script '/workspace/src/pointcloud2laserscan/install/hsl/share/hsl/package.sh'
[19.926s] INFO:colcon.colcon_core.shell:Creating package script '/workspace/src/pointcloud2laserscan/install/hsl/share/hsl/package.bash'
[19.927s] INFO:colcon.colcon_core.shell:Creating package script '/workspace/src/pointcloud2laserscan/install/hsl/share/hsl/package.zsh'
[19.927s] Level 1:colcon.colcon_core.environment:create_file_with_runtime_dependencies(/workspace/src/pointcloud2laserscan/install/hsl/share/colcon-core/packages/hsl)
[19.927s] DEBUG:colcon.colcon_parallel_executor.executor.parallel:closing loop
[19.928s] DEBUG:colcon.colcon_parallel_executor.executor.parallel:loop closed
[19.928s] DEBUG:colcon.colcon_parallel_executor.executor.parallel:run_until_complete finished with '0'
[19.928s] DEBUG:colcon.colcon_core.event_reactor:joining thread
[19.933s] INFO:colcon.colcon_core.plugin_system:Skipping extension 'colcon_notification.desktop_notification.notify_send': Could not find 'notify-send'
[19.933s] INFO:colcon.colcon_core.plugin_system:Skipping extension 'colcon_notification.desktop_notification.terminal_notifier': Not used on non-Darwin systems
[19.933s] INFO:colcon.colcon_core.plugin_system:Skipping extension 'colcon_notification.desktop_notification.win32': Not used on non-Windows systems
[19.933s] INFO:colcon.colcon_notification.desktop_notification:Sending desktop notification using 'notify2'
[19.938s] DEBUG:colcon.colcon_notification.desktop_notification.notify2:Failed to initialize notify2: org.freedesktop.DBus.Error.Spawn.ExecFailed: /usr/bin/dbus-launch terminated abnormally without any error message
[19.938s] DEBUG:colcon.colcon_core.event_reactor:joined thread
[19.943s] INFO:colcon.colcon_core.shell:Creating prefix script '/workspace/src/pointcloud2laserscan/install/local_setup.ps1'
[19.947s] INFO:colcon.colcon_core.shell:Creating prefix util module '/workspace/src/pointcloud2laserscan/install/_local_setup_util_ps1.py'
[19.949s] INFO:colcon.colcon_core.shell:Creating prefix chain script '/workspace/src/pointcloud2laserscan/install/setup.ps1'
[19.952s] INFO:colcon.colcon_core.shell:Creating prefix script '/workspace/src/pointcloud2laserscan/install/local_setup.sh'
[19.953s] INFO:colcon.colcon_core.shell:Creating prefix util module '/workspace/src/pointcloud2laserscan/install/_local_setup_util_sh.py'
[19.954s] INFO:colcon.colcon_core.shell:Creating prefix chain script '/workspace/src/pointcloud2laserscan/install/setup.sh'
[19.956s] INFO:colcon.colcon_core.shell:Creating prefix script '/workspace/src/pointcloud2laserscan/install/local_setup.bash'
[19.957s] INFO:colcon.colcon_core.shell:Creating prefix chain script '/workspace/src/pointcloud2laserscan/install/setup.bash'
[19.960s] INFO:colcon.colcon_core.shell:Creating prefix script '/workspace/src/pointcloud2laserscan/install/local_setup.zsh'
[19.962s] INFO:colcon.colcon_core.shell:Creating prefix chain script '/workspace/src/pointcloud2laserscan/install/setup.zsh'
