[0.135s] DEBUG:colcon:Command line arguments: ['/usr/bin/colcon', 'build', '--packages-up-to', 'maze_solver']
[0.136s] DEBUG:colcon:Parsed command line arguments: Namespace(allow_overriding=[], ament_cmake_args=None, base_paths=['.'], build_base='build', catkin_cmake_args=None, catkin_skip_building_tests=False, cmake_args=None, cmake_clean_cache=False, cmake_clean_first=False, cmake_force_configure=False, cmake_target=None, cmake_target_skip_unavailable=False, continue_on_error=False, event_handlers=None, executor='parallel', ignore_user_meta=False, install_base='install', log_base=None, log_level=None, main=<bound method BuildVerb.main of <colcon_core.verb.build.BuildVerb object at 0x7fb04f07cfd0>>, merge_install=False, metas=['./colcon.meta'], packages_above=None, packages_above_and_dependencies=None, packages_above_depth=None, packages_end=None, packages_ignore=None, packages_ignore_regex=None, packages_select=None, packages_select_build_failed=False, packages_select_by_dep=None, packages_select_regex=None, packages_select_test_failures=False, packages_skip=None, packages_skip_build_finished=False, packages_skip_by_dep=None, packages_skip_regex=None, packages_skip_test_passed=False, packages_skip_up_to=None, packages_start=None, packages_up_to=['maze_solver'], packages_up_to_regex=None, parallel_workers=4, paths=None, symlink_install=False, test_result_base=None, verb_extension=<colcon_core.verb.build.BuildVerb object at 0x7fb04f07cfd0>, verb_name='build', verb_parser=<colcon_defaults.argument_parser.defaults.DefaultArgumentsDecorator object at 0x7fb04f1baeb0>)
[0.159s] Level 1:colcon.colcon_core.package_discovery:discover_packages(colcon_meta) check parameters
[0.159s] Level 1:colcon.colcon_core.package_discovery:discover_packages(recursive) check parameters
[0.159s] Level 1:colcon.colcon_core.package_discovery:discover_packages(ignore) check parameters
[0.159s] Level 1:colcon.colcon_core.package_discovery:discover_packages(path) check parameters
[0.159s] Level 1:colcon.colcon_core.package_discovery:discover_packages(colcon_meta) discover
[0.159s] Level 1:colcon.colcon_core.package_discovery:discover_packages(recursive) discover
[0.159s] INFO:colcon.colcon_core.package_discovery:Crawling recursively for packages in '/workspace/src/maze_solver'
[0.159s] Level 1:colcon.colcon_core.package_identification:_identify(.) by extensions ['ignore', 'ignore_ament_install']
[0.159s] Level 1:colcon.colcon_core.package_identification:_identify(.) by extension 'ignore'
[0.159s] Level 1:colcon.colcon_core.package_identification:_identify(.) by extension 'ignore_ament_install'
[0.159s] Level 1:colcon.colcon_core.package_identification:_identify(.) by extensions ['colcon_pkg']
[0.159s] Level 1:colcon.colcon_core.package_identification:_identify(.) by extension 'colcon_pkg'
[0.160s] Level 1:colcon.colcon_core.package_identification:_identify(.) by extensions ['colcon_meta']
[0.160s] Level 1:colcon.colcon_core.package_identification:_identify(.) by extension 'colcon_meta'
[0.160s] Level 1:colcon.colcon_core.package_identification:_identify(.) by extensions ['ros']
[0.160s] Level 1:colcon.colcon_core.package_identification:_identify(.) by extension 'ros'
[0.171s] DEBUG:colcon.colcon_core.package_identification:Package '.' with type 'ros.ament_python' and name 'maze_solver'
[0.172s] Level 1:colcon.colcon_core.package_discovery:discover_packages(recursive) using defaults
[0.172s] Level 1:colcon.colcon_core.package_discovery:discover_packages(ignore) discover
[0.172s] Level 1:colcon.colcon_core.package_discovery:discover_packages(ignore) using defaults
[0.172s] Level 1:colcon.colcon_core.package_discovery:discover_packages(path) discover
[0.172s] Level 1:colcon.colcon_core.package_discovery:discover_packages(path) using defaults
[0.199s] Level 1:colcon.colcon_core.package_discovery:discover_packages(prefix_path) check parameters
[0.199s] Level 1:colcon.colcon_core.package_discovery:discover_packages(prefix_path) discover
[0.202s] DEBUG:colcon.colcon_installed_package_information.package_discovery:Found 20 installed packages in /workspace/install
[0.204s] DEBUG:colcon.colcon_installed_package_information.package_discovery:Found 338 installed packages in /opt/ros/galactic
[0.206s] Level 1:colcon.colcon_core.package_discovery:discover_packages(prefix_path) using defaults
[0.283s] Level 5:colcon.colcon_core.verb:set package 'maze_solver' build argument 'cmake_args' from command line to 'None'
[0.283s] Level 5:colcon.colcon_core.verb:set package 'maze_solver' build argument 'cmake_target' from command line to 'None'
[0.283s] Level 5:colcon.colcon_core.verb:set package 'maze_solver' build argument 'cmake_target_skip_unavailable' from command line to 'False'
[0.283s] Level 5:colcon.colcon_core.verb:set package 'maze_solver' build argument 'cmake_clean_cache' from command line to 'False'
[0.283s] Level 5:colcon.colcon_core.verb:set package 'maze_solver' build argument 'cmake_clean_first' from command line to 'False'
[0.283s] Level 5:colcon.colcon_core.verb:set package 'maze_solver' build argument 'cmake_force_configure' from command line to 'False'
[0.283s] Level 5:colcon.colcon_core.verb:set package 'maze_solver' build argument 'ament_cmake_args' from command line to 'None'
[0.283s] Level 5:colcon.colcon_core.verb:set package 'maze_solver' build argument 'catkin_cmake_args' from command line to 'None'
[0.283s] Level 5:colcon.colcon_core.verb:set package 'maze_solver' build argument 'catkin_skip_building_tests' from command line to 'False'
[0.283s] DEBUG:colcon.colcon_core.verb:Building package 'maze_solver' with the following arguments: {'ament_cmake_args': None, 'build_base': '/workspace/src/maze_solver/build/maze_solver', 'catkin_cmake_args': None, 'catkin_skip_building_tests': False, 'cmake_args': None, 'cmake_clean_cache': False, 'cmake_clean_first': False, 'cmake_force_configure': False, 'cmake_target': None, 'cmake_target_skip_unavailable': False, 'install_base': '/workspace/src/maze_solver/install/maze_solver', 'merge_install': False, 'path': '/workspace/src/maze_solver', 'symlink_install': False, 'test_result_base': None}
[0.284s] INFO:colcon.colcon_core.executor:Executing jobs using 'parallel' executor
[0.288s] DEBUG:colcon.colcon_parallel_executor.executor.parallel:run_until_complete
[0.289s] INFO:colcon.colcon_ros.task.ament_python.build:Building ROS package in '/workspace/src/maze_solver' with build type 'ament_python'
[0.289s] Level 1:colcon.colcon_core.shell:create_environment_hook('maze_solver', 'ament_prefix_path')
[0.294s] INFO:colcon.colcon_core.plugin_system:Skipping extension 'colcon_core.shell.bat': Not used on non-Windows systems
[0.295s] INFO:colcon.colcon_core.shell:Creating environment hook '/workspace/src/maze_solver/install/maze_solver/share/maze_solver/hook/ament_prefix_path.ps1'
[0.295s] INFO:colcon.colcon_core.shell:Creating environment descriptor '/workspace/src/maze_solver/install/maze_solver/share/maze_solver/hook/ament_prefix_path.dsv'
[0.296s] INFO:colcon.colcon_core.shell:Creating environment hook '/workspace/src/maze_solver/install/maze_solver/share/maze_solver/hook/ament_prefix_path.sh'
[0.297s] INFO:colcon.colcon_core.shell:Skip shell extension 'powershell' for command environment: Not usable outside of PowerShell
[0.297s] DEBUG:colcon.colcon_core.shell:Skip shell extension 'dsv' for command environment
[0.500s] INFO:colcon.colcon_core.task.python.build:Building Python package in '/workspace/src/maze_solver'
[0.501s] INFO:colcon.colcon_core.shell:Skip shell extension 'powershell' for command environment: Not usable outside of PowerShell
[0.501s] DEBUG:colcon.colcon_core.shell:Skip shell extension 'dsv' for command environment
[0.842s] DEBUG:colcon.colcon_core.event_handler.log_command:Invoking command in '/workspace/src/maze_solver': PYTHONPATH=/workspace/src/maze_solver/install/maze_solver/lib/python3.8/site-packages:${PYTHONPATH} /usr/bin/python3 setup.py egg_info --egg-base build/maze_solver build --build-base /workspace/src/maze_solver/build/maze_solver/build install --prefix /workspace/src/maze_solver/install/maze_solver --record /workspace/src/maze_solver/build/maze_solver/install.log --single-version-externally-managed
[1.113s] DEBUG:colcon.colcon_core.event_handler.log_command:Invoked command in '/workspace/src/maze_solver' returned '0': PYTHONPATH=/workspace/src/maze_solver/install/maze_solver/lib/python3.8/site-packages:${PYTHONPATH} /usr/bin/python3 setup.py egg_info --egg-base build/maze_solver build --build-base /workspace/src/maze_solver/build/maze_solver/build install --prefix /workspace/src/maze_solver/install/maze_solver --record /workspace/src/maze_solver/build/maze_solver/install.log --single-version-externally-managed
[1.118s] Level 1:colcon.colcon_core.environment:checking '/workspace/src/maze_solver/install/maze_solver' for CMake module files
[1.118s] Level 1:colcon.colcon_core.environment:checking '/workspace/src/maze_solver/install/maze_solver' for CMake config files
[1.119s] Level 1:colcon.colcon_core.environment:checking '/workspace/src/maze_solver/install/maze_solver/lib'
[1.119s] Level 1:colcon.colcon_core.environment:checking '/workspace/src/maze_solver/install/maze_solver/bin'
[1.119s] Level 1:colcon.colcon_core.environment:checking '/workspace/src/maze_solver/install/maze_solver/lib/pkgconfig/maze_solver.pc'
[1.120s] Level 1:colcon.colcon_core.environment:checking '/workspace/src/maze_solver/install/maze_solver/lib/python3.8/site-packages'
[1.120s] Level 1:colcon.colcon_core.shell:create_environment_hook('maze_solver', 'pythonpath')
[1.121s] INFO:colcon.colcon_core.shell:Creating environment hook '/workspace/src/maze_solver/install/maze_solver/share/maze_solver/hook/pythonpath.ps1'
[1.121s] INFO:colcon.colcon_core.shell:Creating environment descriptor '/workspace/src/maze_solver/install/maze_solver/share/maze_solver/hook/pythonpath.dsv'
[1.122s] INFO:colcon.colcon_core.shell:Creating environment hook '/workspace/src/maze_solver/install/maze_solver/share/maze_solver/hook/pythonpath.sh'
[1.122s] Level 1:colcon.colcon_core.environment:checking '/workspace/src/maze_solver/install/maze_solver/bin'
[1.122s] Level 1:colcon.colcon_core.environment:create_environment_scripts_only(maze_solver)
[1.124s] INFO:colcon.colcon_core.shell:Creating package script '/workspace/src/maze_solver/install/maze_solver/share/maze_solver/package.ps1'
[1.124s] INFO:colcon.colcon_core.shell:Creating package descriptor '/workspace/src/maze_solver/install/maze_solver/share/maze_solver/package.dsv'
[1.125s] INFO:colcon.colcon_core.shell:Creating package script '/workspace/src/maze_solver/install/maze_solver/share/maze_solver/package.sh'
[1.126s] INFO:colcon.colcon_core.shell:Creating package script '/workspace/src/maze_solver/install/maze_solver/share/maze_solver/package.bash'
[1.126s] INFO:colcon.colcon_core.shell:Creating package script '/workspace/src/maze_solver/install/maze_solver/share/maze_solver/package.zsh'
[1.127s] Level 1:colcon.colcon_core.environment:create_file_with_runtime_dependencies(/workspace/src/maze_solver/install/maze_solver/share/colcon-core/packages/maze_solver)
[1.128s] DEBUG:colcon.colcon_parallel_executor.executor.parallel:closing loop
[1.128s] DEBUG:colcon.colcon_parallel_executor.executor.parallel:loop closed
[1.128s] DEBUG:colcon.colcon_parallel_executor.executor.parallel:run_until_complete finished with '0'
[1.128s] DEBUG:colcon.colcon_core.event_reactor:joining thread
[1.137s] INFO:colcon.colcon_core.plugin_system:Skipping extension 'colcon_notification.desktop_notification.notify_send': Could not find 'notify-send'
[1.137s] INFO:colcon.colcon_core.plugin_system:Skipping extension 'colcon_notification.desktop_notification.terminal_notifier': Not used on non-Darwin systems
[1.137s] INFO:colcon.colcon_core.plugin_system:Skipping extension 'colcon_notification.desktop_notification.win32': Not used on non-Windows systems
[1.137s] INFO:colcon.colcon_notification.desktop_notification:Sending desktop notification using 'notify2'
[1.137s] DEBUG:colcon.colcon_notification.desktop_notification.notify2:Failed to initialize notify2: org.freedesktop.DBus.Error.NotSupported: Unable to autolaunch a dbus-daemon without a $DISPLAY for X11
[1.138s] DEBUG:colcon.colcon_core.event_reactor:joined thread
[1.139s] INFO:colcon.colcon_core.shell:Creating prefix script '/workspace/src/maze_solver/install/local_setup.ps1'
[1.140s] INFO:colcon.colcon_core.shell:Creating prefix util module '/workspace/src/maze_solver/install/_local_setup_util_ps1.py'
[1.141s] INFO:colcon.colcon_core.shell:Creating prefix chain script '/workspace/src/maze_solver/install/setup.ps1'
[1.143s] INFO:colcon.colcon_core.shell:Creating prefix script '/workspace/src/maze_solver/install/local_setup.sh'
[1.143s] INFO:colcon.colcon_core.shell:Creating prefix util module '/workspace/src/maze_solver/install/_local_setup_util_sh.py'
[1.144s] INFO:colcon.colcon_core.shell:Creating prefix chain script '/workspace/src/maze_solver/install/setup.sh'
[1.146s] INFO:colcon.colcon_core.shell:Creating prefix script '/workspace/src/maze_solver/install/local_setup.bash'
[1.146s] INFO:colcon.colcon_core.shell:Creating prefix chain script '/workspace/src/maze_solver/install/setup.bash'
[1.148s] INFO:colcon.colcon_core.shell:Creating prefix script '/workspace/src/maze_solver/install/local_setup.zsh'
[1.148s] INFO:colcon.colcon_core.shell:Creating prefix chain script '/workspace/src/maze_solver/install/setup.zsh'
