[0.019s] Invoking command in '/workspace/src/pointcloud2laserscan/build/hsl': CMAKE_PREFIX_PATH=${CMAKE_PREFIX_PATH}:/workspace/install/explorer_wanderer:/workspace/install/explorer_navigation2:/workspace/install/explorer_bringup:/opt/ros/humble /usr/bin/cmake --build /workspace/src/pointcloud2laserscan/build/hsl -- -j12 -l12
[0.100s] [35m[1mConsolidate compiler generated dependencies of target pointcloud2laserscan[0m
[0.148s] [ 50%] [32mBuilding CXX object CMakeFiles/pointcloud2laserscan.dir/src/pointcloud2laserscan.cpp.o[0m
[16.377s] [100%] [32m[1mLinking CXX executable pointcloud2laserscan[0m
[18.789s] [100%] Built target pointcloud2laserscan
[18.811s] Invoked command in '/workspace/src/pointcloud2laserscan/build/hsl' returned '0': CMAKE_PREFIX_PATH=${CMAKE_PREFIX_PATH}:/workspace/install/explorer_wanderer:/workspace/install/explorer_navigation2:/workspace/install/explorer_bringup:/opt/ros/humble /usr/bin/cmake --build /workspace/src/pointcloud2laserscan/build/hsl -- -j12 -l12
[18.876s] Invoking command in '/workspace/src/pointcloud2laserscan/build/hsl': CMAKE_PREFIX_PATH=${CMAKE_PREFIX_PATH}:/workspace/install/explorer_wanderer:/workspace/install/explorer_navigation2:/workspace/install/explorer_bringup:/opt/ros/humble /usr/bin/cmake --install /workspace/src/pointcloud2laserscan/build/hsl
[18.888s] -- Install configuration: ""
[18.888s] -- Execute custom install script
[18.889s] -- Up-to-date symlink: /workspace/src/pointcloud2laserscan/install/hsl/lib/hsl/pointcloud2laserscan
[18.889s] -- Up-to-date symlink: /workspace/src/pointcloud2laserscan/install/hsl/share/hsl/src/pointcloud2laserscan.cpp
[18.889s] -- Up-to-date symlink: /workspace/src/pointcloud2laserscan/install/hsl/share/ament_index/resource_index/package_run_dependencies/hsl
[18.890s] -- Up-to-date symlink: /workspace/src/pointcloud2laserscan/install/hsl/share/ament_index/resource_index/parent_prefix_path/hsl
[18.890s] -- Up-to-date symlink: /workspace/src/pointcloud2laserscan/install/hsl/share/hsl/environment/ament_prefix_path.sh
[18.890s] -- Up-to-date symlink: /workspace/src/pointcloud2laserscan/install/hsl/share/hsl/environment/ament_prefix_path.dsv
[18.890s] -- Up-to-date symlink: /workspace/src/pointcloud2laserscan/install/hsl/share/hsl/environment/path.sh
[18.890s] -- Up-to-date symlink: /workspace/src/pointcloud2laserscan/install/hsl/share/hsl/environment/path.dsv
[18.891s] -- Up-to-date symlink: /workspace/src/pointcloud2laserscan/install/hsl/share/hsl/local_setup.bash
[18.891s] -- Up-to-date symlink: /workspace/src/pointcloud2laserscan/install/hsl/share/hsl/local_setup.sh
[18.891s] -- Up-to-date symlink: /workspace/src/pointcloud2laserscan/install/hsl/share/hsl/local_setup.zsh
[18.891s] -- Up-to-date symlink: /workspace/src/pointcloud2laserscan/install/hsl/share/hsl/local_setup.dsv
[18.891s] -- Symlinking: /workspace/src/pointcloud2laserscan/install/hsl/share/hsl/package.dsv
[18.906s] -- Up-to-date symlink: /workspace/src/pointcloud2laserscan/install/hsl/share/ament_index/resource_index/packages/hsl
[18.906s] -- Up-to-date symlink: /workspace/src/pointcloud2laserscan/install/hsl/share/hsl/cmake/hslConfig.cmake
[18.907s] -- Up-to-date symlink: /workspace/src/pointcloud2laserscan/install/hsl/share/hsl/cmake/hslConfig-version.cmake
[18.907s] -- Up-to-date symlink: /workspace/src/pointcloud2laserscan/install/hsl/share/hsl/package.xml
[18.913s] Invoked command in '/workspace/src/pointcloud2laserscan/build/hsl' returned '0': CMAKE_PREFIX_PATH=${CMAKE_PREFIX_PATH}:/workspace/install/explorer_wanderer:/workspace/install/explorer_navigation2:/workspace/install/explorer_bringup:/opt/ros/humble /usr/bin/cmake --install /workspace/src/pointcloud2laserscan/build/hsl
