[0.019s] Invoking command in '/workspace/src/pointcloud2laserscan/build/hsl': CMAKE_PREFIX_PATH=${CMAKE_PREFIX_PATH}:/workspace/install/explorer_wanderer:/workspace/install/explorer_navigation2:/workspace/install/explorer_bringup:/opt/ros/humble /usr/bin/cmake --build /workspace/src/pointcloud2laserscan/build/hsl -- -j12 -l12
[0.101s] [35m[1mConsolidate compiler generated dependencies of target pointcloud2laserscan[0m
[0.149s] [ 50%] [32mBuilding CXX object CMakeFiles/pointcloud2laserscan.dir/src/pointcloud2laserscan.cpp.o[0m
[16.807s] [100%] [32m[1mLinking CXX executable pointcloud2laserscan[0m
[19.297s] [100%] Built target pointcloud2laserscan
[19.313s] Invoked command in '/workspace/src/pointcloud2laserscan/build/hsl' returned '0': CMAKE_PREFIX_PATH=${CMAKE_PREFIX_PATH}:/workspace/install/explorer_wanderer:/workspace/install/explorer_navigation2:/workspace/install/explorer_bringup:/opt/ros/humble /usr/bin/cmake --build /workspace/src/pointcloud2laserscan/build/hsl -- -j12 -l12
[19.367s] Invoking command in '/workspace/src/pointcloud2laserscan/build/hsl': CMAKE_PREFIX_PATH=${CMAKE_PREFIX_PATH}:/workspace/install/explorer_wanderer:/workspace/install/explorer_navigation2:/workspace/install/explorer_bringup:/opt/ros/humble /usr/bin/cmake --install /workspace/src/pointcloud2laserscan/build/hsl
[19.379s] -- Install configuration: ""
[19.380s] -- Execute custom install script
[19.381s] -- Up-to-date symlink: /workspace/src/pointcloud2laserscan/install/hsl/lib/hsl/pointcloud2laserscan
[19.381s] -- Up-to-date symlink: /workspace/src/pointcloud2laserscan/install/hsl/share/hsl/src/pointcloud2laserscan.cpp
[19.382s] -- Up-to-date symlink: /workspace/src/pointcloud2laserscan/install/hsl/share/ament_index/resource_index/package_run_dependencies/hsl
[19.382s] -- Up-to-date symlink: /workspace/src/pointcloud2laserscan/install/hsl/share/ament_index/resource_index/parent_prefix_path/hsl
[19.382s] -- Up-to-date symlink: /workspace/src/pointcloud2laserscan/install/hsl/share/hsl/environment/ament_prefix_path.sh
[19.383s] -- Up-to-date symlink: /workspace/src/pointcloud2laserscan/install/hsl/share/hsl/environment/ament_prefix_path.dsv
[19.383s] -- Up-to-date symlink: /workspace/src/pointcloud2laserscan/install/hsl/share/hsl/environment/path.sh
[19.383s] -- Up-to-date symlink: /workspace/src/pointcloud2laserscan/install/hsl/share/hsl/environment/path.dsv
[19.384s] -- Up-to-date symlink: /workspace/src/pointcloud2laserscan/install/hsl/share/hsl/local_setup.bash
[19.384s] -- Up-to-date symlink: /workspace/src/pointcloud2laserscan/install/hsl/share/hsl/local_setup.sh
[19.384s] -- Up-to-date symlink: /workspace/src/pointcloud2laserscan/install/hsl/share/hsl/local_setup.zsh
[19.384s] -- Up-to-date symlink: /workspace/src/pointcloud2laserscan/install/hsl/share/hsl/local_setup.dsv
[19.384s] -- Symlinking: /workspace/src/pointcloud2laserscan/install/hsl/share/hsl/package.dsv
[19.399s] -- Up-to-date symlink: /workspace/src/pointcloud2laserscan/install/hsl/share/ament_index/resource_index/packages/hsl
[19.399s] -- Up-to-date symlink: /workspace/src/pointcloud2laserscan/install/hsl/share/hsl/cmake/hslConfig.cmake
[19.399s] -- Up-to-date symlink: /workspace/src/pointcloud2laserscan/install/hsl/share/hsl/cmake/hslConfig-version.cmake
[19.399s] -- Up-to-date symlink: /workspace/src/pointcloud2laserscan/install/hsl/share/hsl/package.xml
[19.405s] Invoked command in '/workspace/src/pointcloud2laserscan/build/hsl' returned '0': CMAKE_PREFIX_PATH=${CMAKE_PREFIX_PATH}:/workspace/install/explorer_wanderer:/workspace/install/explorer_navigation2:/workspace/install/explorer_bringup:/opt/ros/humble /usr/bin/cmake --install /workspace/src/pointcloud2laserscan/build/hsl
